


ARM Macro Assembler    Page 1 


    1 00000000                 PRESERVE8
    2 00000000                 THUMB
    3 00000000         
    4 00000000         
    5 00000000         ; ====================== zone de réservation de données,
                         ======================================
    6 00000000         ;Section RAM (read only) :
    7 00000000                 area             mesdata,data,readonly
    8 00000000         
    9 00000000         
   10 00000000         ;Section RAM (read write):
   11 00000000                 area             maram,data,readwrite
   12 00000000         
   13 00000000         
   14 00000000         
   15 00000000         ; ======================================================
                       =========================================
   16 00000000         
   17 00000000         
   18 00000000         
   19 00000000         
   20 00000000         ;Section ROM code (read only) :  
   21 00000000                 area             moncode,code,readonly
   22 00000000         ; écrire le code ici  
   23 00000000                 export           DFT_Signal
   24 00000000         
   25 00000000         DFT_Signal
                               proc
   26 00000000 E92D 5FF0       push             {lr,r4-r12}
   27 00000004         
   28 00000004 4A11            ldr              R2, =TabCos
   29 00000006 4B12            ldr              R3, =TabSin
   30 00000008         
   31 00000008 F04F 0700       mov              R7,#0       ; indice n
   32 0000000C F04F 0400       mov              R4,#0       ; Partie réel init 
                                                            à 0
   33 00000010 F04F 0500       mov              R5,#0       ; partie imaginaire
                                                             init à 0
   34 00000014         boucleFor
   35 00000014         
   36 00000014 F930 8017       ldrsh            R8, [R0, R7, lsl#1] ;R8 = x[n] 
                                                            ;4.12 (16bits)
   37 00000018         
   38 00000018 FB01 F607       mul              R6, R1, R7  ;R6 = p = k*n
   39 0000001C F006 063F       and              R6, #0x3F   ;p = p mod 64
   40 00000020         
   41 00000020         ;Partie Reelle
   42 00000020 F932 9016       ldrsh            R9, [R2, R6, lsl#1] ; R9 = TabC
                                                            os[p] ;1.15 (16bits
                                                            )
   43 00000024 FB08 FA09       mul              R10, R8, R9 ;R10 = x[n] * TabCo
                                                            s[p] ;4.12 * 1.15 =
                                                             5.27 (32bits)
   44 00000028 4454            add              R4, R10     ;PartieRéelle = Par
                                                            tieRéelle + R10 = P
                                                            artieRéelle + x[n] 
                                                            * TabCos[p]
   45 0000002A         
   46 0000002A         ;Partie Imaginaire



ARM Macro Assembler    Page 2 


   47 0000002A F933 9016       ldrsh            R9, [R3, R6, lsl#1] ; R9 = TabS
                                                            in[p] ;1.15 (16bits
                                                            )
   48 0000002E FB08 FA09       mul              R10, R8, R9 ;R10 = x[n] * TabSi
                                                            n[p] ;4.12 * 1.15 =
                                                             5.27 (32bits)
   49 00000032 4455            add              R5, R10     ;PartieIm = PartieI
                                                            m + R10 = PartieIm 
                                                            + x[n] * TabSin[p]
   50 00000034         
   51 00000034 F107 0701       add              R7, #1      ;n++
   52 00000038         
   53 00000038 2F40            cmp              R7, #64     ;n == 64 ?
   54 0000003A D1EB            bne              boucleFor   ;boucle tant que n 
                                                            != 64
   55 0000003C         
   56 0000003C         ;R4*R4 rend un entier sur 64 bits ce qui peut poser prob
                       lème car notre processeur est sur 32
   57 0000003C         ;On décalle à droite R4 (=on se passe des détails arès l
                       a virgule) avec asr car R4 est signé
   58 0000003C         ;mov R4, R4, asr#16 ; 5.11 (16bits)
   59 0000003C         
   60 0000003C FB84 CB04       smull            R12, R11, R4, R4 ;10.54(32bits)
                                                            
   61 00000040         ;idem avec R5
   62 00000040         ;mov R5, R5, asr#16 ;5.11 (16bits)
   63 00000040 FB85 8705       smull            R8,R7,R5, R5 ;(32bits) ;10.22(3
                                                            2bits)
   64 00000044         
   65 00000044 EB0C 0008       add              R0, R12, R8 ;RO = PartieReelle^
                                                            2 + PartieIm^2 ;10.
                                                            22(32bits)
   66 00000048         
   67 00000048 E8BD 9FF0       pop              {pc, R4-R12}
   68 0000004C                 endp
   69 0000004C         
   70 0000004C         
   71 0000004C         ;Section ROM code (read only) :  
   72 0000004C 00000000 
              00000000         AREA             Trigo, DATA, READONLY
   73 00000000         ; codage fractionnaire 1.15
   74 00000000         
   75 00000000         TabCos
   76 00000000 FF 7F           DCW              32767       ;  0 0x7fff  0.9999
                                                            7
   77 00000002 62 7F           DCW              32610       ;  1 0x7f62  0.9951
                                                            8
   78 00000004 8A 7D           DCW              32138       ;  2 0x7d8a  0.9807
                                                            7
   79 00000006 7D 7A           DCW              31357       ;  3 0x7a7d  0.9569
                                                            4
   80 00000008 42 76           DCW              30274       ;  4 0x7642  0.9238
                                                            9
   81 0000000A E3 70           DCW              28899       ;  5 0x70e3  0.8819
                                                            3
   82 0000000C 6E 6A           DCW              27246       ;  6 0x6a6e  0.8314
                                                            8
   83 0000000E F2 62           DCW              25330       ;  7 0x62f2  0.7730
                                                            1



ARM Macro Assembler    Page 3 


   84 00000010 82 5A           DCW              23170       ;  8 0x5a82  0.7070
                                                            9
   85 00000012 34 51           DCW              20788       ;  9 0x5134  0.6344
                                                            0
   86 00000014 1D 47           DCW              18205       ; 10 0x471d  0.5555
                                                            7
   87 00000016 57 3C           DCW              15447       ; 11 0x3c57  0.4714
                                                            1
   88 00000018 FC 30           DCW              12540       ; 12 0x30fc  0.3826
                                                            9
   89 0000001A 28 25           DCW              9512        ; 13 0x2528  0.2902
                                                            8
   90 0000001C F9 18           DCW              6393        ; 14 0x18f9  0.1951
                                                            0
   91 0000001E 8C 0C           DCW              3212        ; 15 0x0c8c  0.0980
                                                            2
   92 00000020 00 00           DCW              0           ; 16 0x0000  0.0000
                                                            0
   93 00000022 74 F3           DCW              -3212       ; 17 0xf374 -0.0980
                                                            2
   94 00000024 07 E7           DCW              -6393       ; 18 0xe707 -0.1951
                                                            0
   95 00000026 D8 DA           DCW              -9512       ; 19 0xdad8 -0.2902
                                                            8
   96 00000028 04 CF           DCW              -12540      ; 20 0xcf04 -0.3826
                                                            9
   97 0000002A A9 C3           DCW              -15447      ; 21 0xc3a9 -0.4714
                                                            1
   98 0000002C E3 B8           DCW              -18205      ; 22 0xb8e3 -0.5555
                                                            7
   99 0000002E CC AE           DCW              -20788      ; 23 0xaecc -0.6344
                                                            0
  100 00000030 7E A5           DCW              -23170      ; 24 0xa57e -0.7070
                                                            9
  101 00000032 0E 9D           DCW              -25330      ; 25 0x9d0e -0.7730
                                                            1
  102 00000034 92 95           DCW              -27246      ; 26 0x9592 -0.8314
                                                            8
  103 00000036 1D 8F           DCW              -28899      ; 27 0x8f1d -0.8819
                                                            3
  104 00000038 BE 89           DCW              -30274      ; 28 0x89be -0.9238
                                                            9
  105 0000003A 83 85           DCW              -31357      ; 29 0x8583 -0.9569
                                                            4
  106 0000003C 76 82           DCW              -32138      ; 30 0x8276 -0.9807
                                                            7
  107 0000003E 9E 80           DCW              -32610      ; 31 0x809e -0.9951
                                                            8
  108 00000040 00 80           DCW              -32768      ; 32 0x8000 -1.0000
                                                            0
  109 00000042 9E 80           DCW              -32610      ; 33 0x809e -0.9951
                                                            8
  110 00000044 76 82           DCW              -32138      ; 34 0x8276 -0.9807
                                                            7
  111 00000046 83 85           DCW              -31357      ; 35 0x8583 -0.9569
                                                            4
  112 00000048 BE 89           DCW              -30274      ; 36 0x89be -0.9238
                                                            9
  113 0000004A 1D 8F           DCW              -28899      ; 37 0x8f1d -0.8819



ARM Macro Assembler    Page 4 


                                                            3
  114 0000004C 92 95           DCW              -27246      ; 38 0x9592 -0.8314
                                                            8
  115 0000004E 0E 9D           DCW              -25330      ; 39 0x9d0e -0.7730
                                                            1
  116 00000050 7E A5           DCW              -23170      ; 40 0xa57e -0.7070
                                                            9
  117 00000052 CC AE           DCW              -20788      ; 41 0xaecc -0.6344
                                                            0
  118 00000054 E3 B8           DCW              -18205      ; 42 0xb8e3 -0.5555
                                                            7
  119 00000056 A9 C3           DCW              -15447      ; 43 0xc3a9 -0.4714
                                                            1
  120 00000058 04 CF           DCW              -12540      ; 44 0xcf04 -0.3826
                                                            9
  121 0000005A D8 DA           DCW              -9512       ; 45 0xdad8 -0.2902
                                                            8
  122 0000005C 07 E7           DCW              -6393       ; 46 0xe707 -0.1951
                                                            0
  123 0000005E 74 F3           DCW              -3212       ; 47 0xf374 -0.0980
                                                            2
  124 00000060 00 00           DCW              0           ; 48 0x0000  0.0000
                                                            0
  125 00000062 8C 0C           DCW              3212        ; 49 0x0c8c  0.0980
                                                            2
  126 00000064 F9 18           DCW              6393        ; 50 0x18f9  0.1951
                                                            0
  127 00000066 28 25           DCW              9512        ; 51 0x2528  0.2902
                                                            8
  128 00000068 FC 30           DCW              12540       ; 52 0x30fc  0.3826
                                                            9
  129 0000006A 57 3C           DCW              15447       ; 53 0x3c57  0.4714
                                                            1
  130 0000006C 1D 47           DCW              18205       ; 54 0x471d  0.5555
                                                            7
  131 0000006E 34 51           DCW              20788       ; 55 0x5134  0.6344
                                                            0
  132 00000070 82 5A           DCW              23170       ; 56 0x5a82  0.7070
                                                            9
  133 00000072 F2 62           DCW              25330       ; 57 0x62f2  0.7730
                                                            1
  134 00000074 6E 6A           DCW              27246       ; 58 0x6a6e  0.8314
                                                            8
  135 00000076 E3 70           DCW              28899       ; 59 0x70e3  0.8819
                                                            3
  136 00000078 42 76           DCW              30274       ; 60 0x7642  0.9238
                                                            9
  137 0000007A 7D 7A           DCW              31357       ; 61 0x7a7d  0.9569
                                                            4
  138 0000007C 8A 7D           DCW              32138       ; 62 0x7d8a  0.9807
                                                            7
  139 0000007E 62 7F           DCW              32610       ; 63 0x7f62  0.9951
                                                            8
  140 00000080         TabSin
  141 00000080 00 00           DCW              0           ;  0 0x0000  0.0000
                                                            0
  142 00000082 8C 0C           DCW              3212        ;  1 0x0c8c  0.0980
                                                            2
  143 00000084 F9 18           DCW              6393        ;  2 0x18f9  0.1951



ARM Macro Assembler    Page 5 


                                                            0
  144 00000086 28 25           DCW              9512        ;  3 0x2528  0.2902
                                                            8
  145 00000088 FC 30           DCW              12540       ;  4 0x30fc  0.3826
                                                            9
  146 0000008A 57 3C           DCW              15447       ;  5 0x3c57  0.4714
                                                            1
  147 0000008C 1D 47           DCW              18205       ;  6 0x471d  0.5555
                                                            7
  148 0000008E 34 51           DCW              20788       ;  7 0x5134  0.6344
                                                            0
  149 00000090 82 5A           DCW              23170       ;  8 0x5a82  0.7070
                                                            9
  150 00000092 F2 62           DCW              25330       ;  9 0x62f2  0.7730
                                                            1
  151 00000094 6E 6A           DCW              27246       ; 10 0x6a6e  0.8314
                                                            8
  152 00000096 E3 70           DCW              28899       ; 11 0x70e3  0.8819
                                                            3
  153 00000098 42 76           DCW              30274       ; 12 0x7642  0.9238
                                                            9
  154 0000009A 7D 7A           DCW              31357       ; 13 0x7a7d  0.9569
                                                            4
  155 0000009C 8A 7D           DCW              32138       ; 14 0x7d8a  0.9807
                                                            7
  156 0000009E 62 7F           DCW              32610       ; 15 0x7f62  0.9951
                                                            8
  157 000000A0 FF 7F           DCW              32767       ; 16 0x7fff  0.9999
                                                            7
  158 000000A2 62 7F           DCW              32610       ; 17 0x7f62  0.9951
                                                            8
  159 000000A4 8A 7D           DCW              32138       ; 18 0x7d8a  0.9807
                                                            7
  160 000000A6 7D 7A           DCW              31357       ; 19 0x7a7d  0.9569
                                                            4
  161 000000A8 42 76           DCW              30274       ; 20 0x7642  0.9238
                                                            9
  162 000000AA E3 70           DCW              28899       ; 21 0x70e3  0.8819
                                                            3
  163 000000AC 6E 6A           DCW              27246       ; 22 0x6a6e  0.8314
                                                            8
  164 000000AE F2 62           DCW              25330       ; 23 0x62f2  0.7730
                                                            1
  165 000000B0 82 5A           DCW              23170       ; 24 0x5a82  0.7070
                                                            9
  166 000000B2 34 51           DCW              20788       ; 25 0x5134  0.6344
                                                            0
  167 000000B4 1D 47           DCW              18205       ; 26 0x471d  0.5555
                                                            7
  168 000000B6 57 3C           DCW              15447       ; 27 0x3c57  0.4714
                                                            1
  169 000000B8 FC 30           DCW              12540       ; 28 0x30fc  0.3826
                                                            9
  170 000000BA 28 25           DCW              9512        ; 29 0x2528  0.2902
                                                            8
  171 000000BC F9 18           DCW              6393        ; 30 0x18f9  0.1951
                                                            0
  172 000000BE 8C 0C           DCW              3212        ; 31 0x0c8c  0.0980
                                                            2



ARM Macro Assembler    Page 6 


  173 000000C0 00 00           DCW              0           ; 32 0x0000  0.0000
                                                            0
  174 000000C2 74 F3           DCW              -3212       ; 33 0xf374 -0.0980
                                                            2
  175 000000C4 07 E7           DCW              -6393       ; 34 0xe707 -0.1951
                                                            0
  176 000000C6 D8 DA           DCW              -9512       ; 35 0xdad8 -0.2902
                                                            8
  177 000000C8 04 CF           DCW              -12540      ; 36 0xcf04 -0.3826
                                                            9
  178 000000CA A9 C3           DCW              -15447      ; 37 0xc3a9 -0.4714
                                                            1
  179 000000CC E3 B8           DCW              -18205      ; 38 0xb8e3 -0.5555
                                                            7
  180 000000CE CC AE           DCW              -20788      ; 39 0xaecc -0.6344
                                                            0
  181 000000D0 7E A5           DCW              -23170      ; 40 0xa57e -0.7070
                                                            9
  182 000000D2 0E 9D           DCW              -25330      ; 41 0x9d0e -0.7730
                                                            1
  183 000000D4 92 95           DCW              -27246      ; 42 0x9592 -0.8314
                                                            8
  184 000000D6 1D 8F           DCW              -28899      ; 43 0x8f1d -0.8819
                                                            3
  185 000000D8 BE 89           DCW              -30274      ; 44 0x89be -0.9238
                                                            9
  186 000000DA 83 85           DCW              -31357      ; 45 0x8583 -0.9569
                                                            4
  187 000000DC 76 82           DCW              -32138      ; 46 0x8276 -0.9807
                                                            7
  188 000000DE 9E 80           DCW              -32610      ; 47 0x809e -0.9951
                                                            8
  189 000000E0 00 80           DCW              -32768      ; 48 0x8000 -1.0000
                                                            0
  190 000000E2 9E 80           DCW              -32610      ; 49 0x809e -0.9951
                                                            8
  191 000000E4 76 82           DCW              -32138      ; 50 0x8276 -0.9807
                                                            7
  192 000000E6 83 85           DCW              -31357      ; 51 0x8583 -0.9569
                                                            4
  193 000000E8 BE 89           DCW              -30274      ; 52 0x89be -0.9238
                                                            9
  194 000000EA 1D 8F           DCW              -28899      ; 53 0x8f1d -0.8819
                                                            3
  195 000000EC 92 95           DCW              -27246      ; 54 0x9592 -0.8314
                                                            8
  196 000000EE 0E 9D           DCW              -25330      ; 55 0x9d0e -0.7730
                                                            1
  197 000000F0 7E A5           DCW              -23170      ; 56 0xa57e -0.7070
                                                            9
  198 000000F2 CC AE           DCW              -20788      ; 57 0xaecc -0.6344
                                                            0
  199 000000F4 E3 B8           DCW              -18205      ; 58 0xb8e3 -0.5555
                                                            7
  200 000000F6 A9 C3           DCW              -15447      ; 59 0xc3a9 -0.4714
                                                            1
  201 000000F8 04 CF           DCW              -12540      ; 60 0xcf04 -0.3826
                                                            9
  202 000000FA D8 DA           DCW              -9512       ; 61 0xdad8 -0.2902



ARM Macro Assembler    Page 7 


                                                            8
  203 000000FC 07 E7           DCW              -6393       ; 62 0xe707 -0.1951
                                                            0
  204 000000FE 74 F3           DCW              -3212       ; 63 0xf374 -0.0980
                                                            2
  205 00000100         
  206 00000100         
  207 00000100         
  208 00000100         
  209 00000100                 END
Command Line: --debug --xref --diag_suppress=9931 --cpu=Cortex-M3 --apcs=interw
ork --depend=.\obj\dft.d -o.\obj\dft.o -I.\RTE\_Simu -IC:\Programdata\Keil\Arm\
Packs\ARM\CMSIS\5.7.0\CMSIS\Core\Include -IC:\Programdata\Keil\Arm\Packs\Keil\S
TM32F1xx_DFP\2.3.0\Device\Include --predefine="__EVAL SETA 1" --predefine="__MI
CROLIB SETA 1" --predefine="__UVISION_VERSION SETA 534" --predefine="_RTE_ SETA
 1" --predefine="STM32F10X_MD SETA 1" --predefine="_RTE_ SETA 1" --list=dft.lst
 Src\DFT.s



ARM Macro Assembler    Page 1 Alphabetic symbol ordering
Relocatable symbols

mesdata 00000000

Symbol: mesdata
   Definitions
      At line 7 in file Src\DFT.s
   Uses
      None
Comment: mesdata unused
1 symbol



ARM Macro Assembler    Page 1 Alphabetic symbol ordering
Relocatable symbols

maram 00000000

Symbol: maram
   Definitions
      At line 11 in file Src\DFT.s
   Uses
      None
Comment: maram unused
1 symbol



ARM Macro Assembler    Page 1 Alphabetic symbol ordering
Relocatable symbols

DFT_Signal 00000000

Symbol: DFT_Signal
   Definitions
      At line 25 in file Src\DFT.s
   Uses
      At line 23 in file Src\DFT.s
Comment: DFT_Signal used once
boucleFor 00000014

Symbol: boucleFor
   Definitions
      At line 34 in file Src\DFT.s
   Uses
      At line 54 in file Src\DFT.s
Comment: boucleFor used once
moncode 00000000

Symbol: moncode
   Definitions
      At line 21 in file Src\DFT.s
   Uses
      None
Comment: moncode unused
3 symbols



ARM Macro Assembler    Page 1 Alphabetic symbol ordering
Relocatable symbols

TabCos 00000000

Symbol: TabCos
   Definitions
      At line 75 in file Src\DFT.s
   Uses
      At line 28 in file Src\DFT.s
Comment: TabCos used once
TabSin 00000080

Symbol: TabSin
   Definitions
      At line 140 in file Src\DFT.s
   Uses
      At line 29 in file Src\DFT.s
Comment: TabSin used once
Trigo 00000000

Symbol: Trigo
   Definitions
      At line 72 in file Src\DFT.s
   Uses
      None
Comment: Trigo unused
3 symbols
345 symbols in table
